running egg_info
creating ../../build/marina_asv_reporting/marina_asv_reporting.egg-info
writing ../../build/marina_asv_reporting/marina_asv_reporting.egg-info/PKG-INFO
writing dependency_links to ../../build/marina_asv_reporting/marina_asv_reporting.egg-info/dependency_links.txt
writing requirements to ../../build/marina_asv_reporting/marina_asv_reporting.egg-info/requires.txt
writing top-level names to ../../build/marina_asv_reporting/marina_asv_reporting.egg-info/top_level.txt
writing manifest file '../../build/marina_asv_reporting/marina_asv_reporting.egg-info/SOURCES.txt'
reading manifest file '../../build/marina_asv_reporting/marina_asv_reporting.egg-info/SOURCES.txt'
writing manifest file '../../build/marina_asv_reporting/marina_asv_reporting.egg-info/SOURCES.txt'
running build
running build_py
creating /root/marina_asv/build/marina_asv_reporting/build
creating /root/marina_asv/build/marina_asv_reporting/build/lib
creating /root/marina_asv/build/marina_asv_reporting/build/lib/marina_asv_reporting
copying marina_asv_reporting/__init__.py -> /root/marina_asv/build/marina_asv_reporting/build/lib/marina_asv_reporting
running install
running install_lib
creating /root/marina_asv/install/lib/python3.12/site-packages/marina_asv_reporting
copying /root/marina_asv/build/marina_asv_reporting/build/lib/marina_asv_reporting/__init__.py -> /root/marina_asv/install/lib/python3.12/site-packages/marina_asv_reporting
byte-compiling /root/marina_asv/install/lib/python3.12/site-packages/marina_asv_reporting/__init__.py to __init__.cpython-312.pyc
running install_data
copying resource/marina_asv_reporting -> /root/marina_asv/install/share/ament_index/resource_index/packages
copying package.xml -> /root/marina_asv/install/share/marina_asv_reporting
running install_egg_info
Copying ../../build/marina_asv_reporting/marina_asv_reporting.egg-info to /root/marina_asv/install/lib/python3.12/site-packages/marina_asv_reporting-0.0.0-py3.12.egg-info
running install_scripts
writing list of installed files to '/root/marina_asv/build/marina_asv_reporting/install.log'
