[0.858s] Invoking command in '/root/marina_asv/build/marina_asv_simulation': CMAKE_PREFIX_PATH=/opt/ros/jazzy:${CMAKE_PREFIX_PATH} /usr/bin/cmake --build /root/marina_asv/build/marina_asv_simulation -- -j8 -l8
[0.976s] Invoked command in '/root/marina_asv/build/marina_asv_simulation' returned '0': CMAKE_PREFIX_PATH=/opt/ros/jazzy:${CMAKE_PREFIX_PATH} /usr/bin/cmake --build /root/marina_asv/build/marina_asv_simulation -- -j8 -l8
[0.979s] Invoking command in '/root/marina_asv/build/marina_asv_simulation': CMAKE_PREFIX_PATH=/opt/ros/jazzy:${CMAKE_PREFIX_PATH} /usr/bin/cmake --install /root/marina_asv/build/marina_asv_simulation
[0.997s] -- Install configuration: ""
[0.997s] -- Up-to-date: /root/marina_asv/install/share/ament_index/resource_index/package_run_dependencies/marina_asv_simulation
[0.997s] -- Up-to-date: /root/marina_asv/install/share/ament_index/resource_index/parent_prefix_path/marina_asv_simulation
[0.997s] -- Up-to-date: /root/marina_asv/install/share/marina_asv_simulation/environment/ament_prefix_path.sh
[0.998s] -- Up-to-date: /root/marina_asv/install/share/marina_asv_simulation/environment/ament_prefix_path.dsv
[0.998s] -- Up-to-date: /root/marina_asv/install/share/marina_asv_simulation/environment/path.sh
[0.998s] -- Up-to-date: /root/marina_asv/install/share/marina_asv_simulation/environment/path.dsv
[0.998s] -- Up-to-date: /root/marina_asv/install/share/marina_asv_simulation/local_setup.bash
[0.999s] -- Up-to-date: /root/marina_asv/install/share/marina_asv_simulation/local_setup.sh
[0.999s] -- Up-to-date: /root/marina_asv/install/share/marina_asv_simulation/local_setup.zsh
[0.999s] -- Up-to-date: /root/marina_asv/install/share/marina_asv_simulation/local_setup.dsv
[0.999s] -- Up-to-date: /root/marina_asv/install/share/marina_asv_simulation/package.dsv
[0.999s] -- Up-to-date: /root/marina_asv/install/share/ament_index/resource_index/packages/marina_asv_simulation
[0.999s] -- Up-to-date: /root/marina_asv/install/share/marina_asv_simulation/cmake/marina_asv_simulationConfig.cmake
[0.999s] -- Up-to-date: /root/marina_asv/install/share/marina_asv_simulation/cmake/marina_asv_simulationConfig-version.cmake
[1.000s] -- Up-to-date: /root/marina_asv/install/share/marina_asv_simulation/package.xml
[1.003s] Invoked command in '/root/marina_asv/build/marina_asv_simulation' returned '0': CMAKE_PREFIX_PATH=/opt/ros/jazzy:${CMAKE_PREFIX_PATH} /usr/bin/cmake --install /root/marina_asv/build/marina_asv_simulation
