[0.375s] DEBUG:colcon:Command line arguments: ['/usr/bin/colcon', 'build', '--merge-install']
[0.375s] DEBUG:colcon:Parsed command line arguments: Namespace(log_base=None, log_level=None, verb_name='build', build_base='build', install_base='install', merge_install=True, symlink_install=False, test_result_base=None, continue_on_error=False, executor='parallel', parallel_workers=8, event_handlers=None, ignore_user_meta=False, metas=['./colcon.meta'], base_paths=['.'], packages_ignore=None, packages_ignore_regex=None, paths=None, packages_up_to=None, packages_up_to_regex=None, packages_above=None, packages_above_and_dependencies=None, packages_above_depth=None, packages_select_by_dep=None, packages_skip_by_dep=None, packages_skip_up_to=None, packages_select_build_failed=False, packages_skip_build_finished=False, packages_select_test_failures=False, packages_skip_test_passed=False, packages_select=None, packages_skip=None, packages_select_regex=None, packages_skip_regex=None, packages_start=None, packages_end=None, cmake_args=None, cmake_target=None, cmake_target_skip_unavailable=False, cmake_clean_cache=False, cmake_clean_first=False, cmake_force_configure=False, ament_cmake_args=None, catkin_cmake_args=None, catkin_skip_building_tests=False, mixin_files=None, mixin=None, verb_parser=<colcon_mixin.mixin.mixin_argument.MixinArgumentDecorator object at 0x79374ad66420>, verb_extension=<colcon_core.verb.build.BuildVerb object at 0x79374ad66180>, main=<bound method BuildVerb.main of <colcon_core.verb.build.BuildVerb object at 0x79374ad66180>>, mixin_verb=('build',))
[0.490s] Level 1:colcon.colcon_core.package_discovery:discover_packages(colcon_meta) check parameters
[0.492s] INFO:colcon.colcon_metadata.package_discovery.colcon_meta:Using configuration from '/root/.colcon/metadata/default/Gazebo.meta'
[0.493s] INFO:colcon.colcon_metadata.package_discovery.colcon_meta:Using configuration from '/root/.colcon/metadata/default/fastdds.meta'
[0.494s] INFO:colcon.colcon_metadata.package_discovery.colcon_meta:Using configuration from '/root/.colcon/metadata/default/fastrtps.meta'
[0.494s] Level 1:colcon.colcon_core.package_discovery:discover_packages(recursive) check parameters
[0.494s] Level 1:colcon.colcon_core.package_discovery:discover_packages(ignore) check parameters
[0.494s] Level 1:colcon.colcon_core.package_discovery:discover_packages(path) check parameters
[0.494s] Level 1:colcon.colcon_core.package_discovery:discover_packages(colcon_meta) discover
[0.494s] Level 1:colcon.colcon_core.package_discovery:discover_packages(recursive) discover
[0.494s] INFO:colcon.colcon_core.package_discovery:Crawling recursively for packages in '/root/marina_asv'
[0.495s] Level 1:colcon.colcon_core.package_identification:_identify(.) by extensions ['ignore', 'ignore_ament_install']
[0.495s] Level 1:colcon.colcon_core.package_identification:_identify(.) by extension 'ignore'
[0.495s] Level 1:colcon.colcon_core.package_identification:_identify(.) by extension 'ignore_ament_install'
[0.495s] Level 1:colcon.colcon_core.package_identification:_identify(.) by extensions ['colcon_pkg']
[0.495s] Level 1:colcon.colcon_core.package_identification:_identify(.) by extension 'colcon_pkg'
[0.495s] Level 1:colcon.colcon_core.package_identification:_identify(.) by extensions ['colcon_meta']
[0.495s] Level 1:colcon.colcon_core.package_identification:_identify(.) by extension 'colcon_meta'
[0.495s] Level 1:colcon.colcon_core.package_identification:_identify(.) by extensions ['ros']
[0.495s] Level 1:colcon.colcon_core.package_identification:_identify(.) by extension 'ros'
[0.553s] Level 1:colcon.colcon_core.package_identification:_identify(.) by extensions ['cmake', 'python']
[0.553s] Level 1:colcon.colcon_core.package_identification:_identify(.) by extension 'cmake'
[0.553s] Level 1:colcon.colcon_core.package_identification:_identify(.) by extension 'python'
[0.553s] Level 1:colcon.colcon_core.package_identification:_identify(.) by extensions ['python_setup_py']
[0.553s] Level 1:colcon.colcon_core.package_identification:_identify(.) by extension 'python_setup_py'
[0.554s] Level 1:colcon.colcon_core.package_identification:_identify(build) by extensions ['ignore', 'ignore_ament_install']
[0.554s] Level 1:colcon.colcon_core.package_identification:_identify(build) by extension 'ignore'
[0.554s] Level 1:colcon.colcon_core.package_identification:_identify(build) ignored
[0.555s] Level 1:colcon.colcon_core.package_identification:_identify(install) by extensions ['ignore', 'ignore_ament_install']
[0.555s] Level 1:colcon.colcon_core.package_identification:_identify(install) by extension 'ignore'
[0.555s] Level 1:colcon.colcon_core.package_identification:_identify(install) ignored
[0.555s] Level 1:colcon.colcon_core.package_identification:_identify(log) by extensions ['ignore', 'ignore_ament_install']
[0.555s] Level 1:colcon.colcon_core.package_identification:_identify(log) by extension 'ignore'
[0.555s] Level 1:colcon.colcon_core.package_identification:_identify(log) ignored
[0.556s] Level 1:colcon.colcon_core.package_identification:_identify(src) by extensions ['ignore', 'ignore_ament_install']
[0.556s] Level 1:colcon.colcon_core.package_identification:_identify(src) by extension 'ignore'
[0.556s] Level 1:colcon.colcon_core.package_identification:_identify(src) by extension 'ignore_ament_install'
[0.556s] Level 1:colcon.colcon_core.package_identification:_identify(src) by extensions ['colcon_pkg']
[0.556s] Level 1:colcon.colcon_core.package_identification:_identify(src) by extension 'colcon_pkg'
[0.556s] Level 1:colcon.colcon_core.package_identification:_identify(src) by extensions ['colcon_meta']
[0.556s] Level 1:colcon.colcon_core.package_identification:_identify(src) by extension 'colcon_meta'
[0.556s] Level 1:colcon.colcon_core.package_identification:_identify(src) by extensions ['ros']
[0.556s] Level 1:colcon.colcon_core.package_identification:_identify(src) by extension 'ros'
[0.556s] Level 1:colcon.colcon_core.package_identification:_identify(src) by extensions ['cmake', 'python']
[0.556s] Level 1:colcon.colcon_core.package_identification:_identify(src) by extension 'cmake'
[0.556s] Level 1:colcon.colcon_core.package_identification:_identify(src) by extension 'python'
[0.556s] Level 1:colcon.colcon_core.package_identification:_identify(src) by extensions ['python_setup_py']
[0.557s] Level 1:colcon.colcon_core.package_identification:_identify(src) by extension 'python_setup_py'
[0.557s] Level 1:colcon.colcon_core.package_identification:_identify(src/marina_asv_description) by extensions ['ignore', 'ignore_ament_install']
[0.557s] Level 1:colcon.colcon_core.package_identification:_identify(src/marina_asv_description) by extension 'ignore'
[0.557s] Level 1:colcon.colcon_core.package_identification:_identify(src/marina_asv_description) by extension 'ignore_ament_install'
[0.557s] Level 1:colcon.colcon_core.package_identification:_identify(src/marina_asv_description) by extensions ['colcon_pkg']
[0.557s] Level 1:colcon.colcon_core.package_identification:_identify(src/marina_asv_description) by extension 'colcon_pkg'
[0.557s] Level 1:colcon.colcon_core.package_identification:_identify(src/marina_asv_description) by extensions ['colcon_meta']
[0.557s] Level 1:colcon.colcon_core.package_identification:_identify(src/marina_asv_description) by extension 'colcon_meta'
[0.557s] Level 1:colcon.colcon_core.package_identification:_identify(src/marina_asv_description) by extensions ['ros']
[0.557s] Level 1:colcon.colcon_core.package_identification:_identify(src/marina_asv_description) by extension 'ros'
[0.563s] DEBUG:colcon.colcon_core.package_identification:Package 'src/marina_asv_description' with type 'ros.catkin' and name 'marina_asv_description'
[0.564s] Level 1:colcon.colcon_core.package_identification:_identify(src/marina_asv_navigation) by extensions ['ignore', 'ignore_ament_install']
[0.564s] Level 1:colcon.colcon_core.package_identification:_identify(src/marina_asv_navigation) by extension 'ignore'
[0.564s] Level 1:colcon.colcon_core.package_identification:_identify(src/marina_asv_navigation) by extension 'ignore_ament_install'
[0.564s] Level 1:colcon.colcon_core.package_identification:_identify(src/marina_asv_navigation) by extensions ['colcon_pkg']
[0.564s] Level 1:colcon.colcon_core.package_identification:_identify(src/marina_asv_navigation) by extension 'colcon_pkg'
[0.564s] Level 1:colcon.colcon_core.package_identification:_identify(src/marina_asv_navigation) by extensions ['colcon_meta']
[0.564s] Level 1:colcon.colcon_core.package_identification:_identify(src/marina_asv_navigation) by extension 'colcon_meta'
[0.564s] Level 1:colcon.colcon_core.package_identification:_identify(src/marina_asv_navigation) by extensions ['ros']
[0.564s] Level 1:colcon.colcon_core.package_identification:_identify(src/marina_asv_navigation) by extension 'ros'
[0.565s] DEBUG:colcon.colcon_core.package_identification:Package 'src/marina_asv_navigation' with type 'ros.ament_python' and name 'marina_asv_navigation'
[0.566s] Level 1:colcon.colcon_core.package_identification:_identify(src/marina_asv_perception) by extensions ['ignore', 'ignore_ament_install']
[0.566s] Level 1:colcon.colcon_core.package_identification:_identify(src/marina_asv_perception) by extension 'ignore'
[0.566s] Level 1:colcon.colcon_core.package_identification:_identify(src/marina_asv_perception) by extension 'ignore_ament_install'
[0.566s] Level 1:colcon.colcon_core.package_identification:_identify(src/marina_asv_perception) by extensions ['colcon_pkg']
[0.566s] Level 1:colcon.colcon_core.package_identification:_identify(src/marina_asv_perception) by extension 'colcon_pkg'
[0.566s] Level 1:colcon.colcon_core.package_identification:_identify(src/marina_asv_perception) by extensions ['colcon_meta']
[0.566s] Level 1:colcon.colcon_core.package_identification:_identify(src/marina_asv_perception) by extension 'colcon_meta'
[0.566s] Level 1:colcon.colcon_core.package_identification:_identify(src/marina_asv_perception) by extensions ['ros']
[0.566s] Level 1:colcon.colcon_core.package_identification:_identify(src/marina_asv_perception) by extension 'ros'
[0.568s] DEBUG:colcon.colcon_core.package_identification:Package 'src/marina_asv_perception' with type 'ros.ament_python' and name 'marina_asv_perception'
[0.568s] Level 1:colcon.colcon_core.package_identification:_identify(src/marina_asv_reporting) by extensions ['ignore', 'ignore_ament_install']
[0.568s] Level 1:colcon.colcon_core.package_identification:_identify(src/marina_asv_reporting) by extension 'ignore'
[0.568s] Level 1:colcon.colcon_core.package_identification:_identify(src/marina_asv_reporting) by extension 'ignore_ament_install'
[0.569s] Level 1:colcon.colcon_core.package_identification:_identify(src/marina_asv_reporting) by extensions ['colcon_pkg']
[0.569s] Level 1:colcon.colcon_core.package_identification:_identify(src/marina_asv_reporting) by extension 'colcon_pkg'
[0.569s] Level 1:colcon.colcon_core.package_identification:_identify(src/marina_asv_reporting) by extensions ['colcon_meta']
[0.569s] Level 1:colcon.colcon_core.package_identification:_identify(src/marina_asv_reporting) by extension 'colcon_meta'
[0.569s] Level 1:colcon.colcon_core.package_identification:_identify(src/marina_asv_reporting) by extensions ['ros']
[0.569s] Level 1:colcon.colcon_core.package_identification:_identify(src/marina_asv_reporting) by extension 'ros'
[0.570s] DEBUG:colcon.colcon_core.package_identification:Package 'src/marina_asv_reporting' with type 'ros.ament_python' and name 'marina_asv_reporting'
[0.570s] Level 1:colcon.colcon_core.package_identification:_identify(src/marina_asv_simulation) by extensions ['ignore', 'ignore_ament_install']
[0.570s] Level 1:colcon.colcon_core.package_identification:_identify(src/marina_asv_simulation) by extension 'ignore'
[0.571s] Level 1:colcon.colcon_core.package_identification:_identify(src/marina_asv_simulation) by extension 'ignore_ament_install'
[0.571s] Level 1:colcon.colcon_core.package_identification:_identify(src/marina_asv_simulation) by extensions ['colcon_pkg']
[0.571s] Level 1:colcon.colcon_core.package_identification:_identify(src/marina_asv_simulation) by extension 'colcon_pkg'
[0.571s] Level 1:colcon.colcon_core.package_identification:_identify(src/marina_asv_simulation) by extensions ['colcon_meta']
[0.571s] Level 1:colcon.colcon_core.package_identification:_identify(src/marina_asv_simulation) by extension 'colcon_meta'
[0.571s] Level 1:colcon.colcon_core.package_identification:_identify(src/marina_asv_simulation) by extensions ['ros']
[0.571s] Level 1:colcon.colcon_core.package_identification:_identify(src/marina_asv_simulation) by extension 'ros'
[0.572s] DEBUG:colcon.colcon_core.package_identification:Package 'src/marina_asv_simulation' with type 'ros.ament_cmake' and name 'marina_asv_simulation'
[0.572s] Level 1:colcon.colcon_core.package_discovery:discover_packages(recursive) using defaults
[0.572s] Level 1:colcon.colcon_core.package_discovery:discover_packages(ignore) discover
[0.572s] Level 1:colcon.colcon_core.package_discovery:discover_packages(ignore) using defaults
[0.572s] Level 1:colcon.colcon_core.package_discovery:discover_packages(path) discover
[0.572s] Level 1:colcon.colcon_core.package_discovery:discover_packages(path) using defaults
[0.620s] Level 5:colcon.colcon_core.verb:set package 'marina_asv_description' build argument 'cmake_args' from command line to 'None'
[0.620s] Level 5:colcon.colcon_core.verb:set package 'marina_asv_description' build argument 'cmake_target' from command line to 'None'
[0.620s] Level 5:colcon.colcon_core.verb:set package 'marina_asv_description' build argument 'cmake_target_skip_unavailable' from command line to 'False'
[0.620s] Level 5:colcon.colcon_core.verb:set package 'marina_asv_description' build argument 'cmake_clean_cache' from command line to 'False'
[0.621s] Level 5:colcon.colcon_core.verb:set package 'marina_asv_description' build argument 'cmake_clean_first' from command line to 'False'
[0.621s] Level 5:colcon.colcon_core.verb:set package 'marina_asv_description' build argument 'cmake_force_configure' from command line to 'False'
[0.621s] Level 5:colcon.colcon_core.verb:set package 'marina_asv_description' build argument 'ament_cmake_args' from command line to 'None'
[0.621s] Level 5:colcon.colcon_core.verb:set package 'marina_asv_description' build argument 'catkin_cmake_args' from command line to 'None'
[0.621s] Level 5:colcon.colcon_core.verb:set package 'marina_asv_description' build argument 'catkin_skip_building_tests' from command line to 'False'
[0.621s] DEBUG:colcon.colcon_core.verb:Building package 'marina_asv_description' with the following arguments: {'ament_cmake_args': None, 'build_base': '/root/marina_asv/build/marina_asv_description', 'catkin_cmake_args': None, 'catkin_skip_building_tests': False, 'cmake_args': None, 'cmake_clean_cache': False, 'cmake_clean_first': False, 'cmake_force_configure': False, 'cmake_target': None, 'cmake_target_skip_unavailable': False, 'install_base': '/root/marina_asv/install', 'merge_install': True, 'path': '/root/marina_asv/src/marina_asv_description', 'symlink_install': False, 'test_result_base': None}
[0.621s] Level 5:colcon.colcon_core.verb:set package 'marina_asv_navigation' build argument 'cmake_args' from command line to 'None'
[0.621s] Level 5:colcon.colcon_core.verb:set package 'marina_asv_navigation' build argument 'cmake_target' from command line to 'None'
[0.621s] Level 5:colcon.colcon_core.verb:set package 'marina_asv_navigation' build argument 'cmake_target_skip_unavailable' from command line to 'False'
[0.621s] Level 5:colcon.colcon_core.verb:set package 'marina_asv_navigation' build argument 'cmake_clean_cache' from command line to 'False'
[0.621s] Level 5:colcon.colcon_core.verb:set package 'marina_asv_navigation' build argument 'cmake_clean_first' from command line to 'False'
[0.621s] Level 5:colcon.colcon_core.verb:set package 'marina_asv_navigation' build argument 'cmake_force_configure' from command line to 'False'
[0.621s] Level 5:colcon.colcon_core.verb:set package 'marina_asv_navigation' build argument 'ament_cmake_args' from command line to 'None'
[0.621s] Level 5:colcon.colcon_core.verb:set package 'marina_asv_navigation' build argument 'catkin_cmake_args' from command line to 'None'
[0.621s] Level 5:colcon.colcon_core.verb:set package 'marina_asv_navigation' build argument 'catkin_skip_building_tests' from command line to 'False'
[0.621s] DEBUG:colcon.colcon_core.verb:Building package 'marina_asv_navigation' with the following arguments: {'ament_cmake_args': None, 'build_base': '/root/marina_asv/build/marina_asv_navigation', 'catkin_cmake_args': None, 'catkin_skip_building_tests': False, 'cmake_args': None, 'cmake_clean_cache': False, 'cmake_clean_first': False, 'cmake_force_configure': False, 'cmake_target': None, 'cmake_target_skip_unavailable': False, 'install_base': '/root/marina_asv/install', 'merge_install': True, 'path': '/root/marina_asv/src/marina_asv_navigation', 'symlink_install': False, 'test_result_base': None}
[0.621s] Level 5:colcon.colcon_core.verb:set package 'marina_asv_perception' build argument 'cmake_args' from command line to 'None'
[0.621s] Level 5:colcon.colcon_core.verb:set package 'marina_asv_perception' build argument 'cmake_target' from command line to 'None'
[0.621s] Level 5:colcon.colcon_core.verb:set package 'marina_asv_perception' build argument 'cmake_target_skip_unavailable' from command line to 'False'
[0.621s] Level 5:colcon.colcon_core.verb:set package 'marina_asv_perception' build argument 'cmake_clean_cache' from command line to 'False'
[0.621s] Level 5:colcon.colcon_core.verb:set package 'marina_asv_perception' build argument 'cmake_clean_first' from command line to 'False'
[0.621s] Level 5:colcon.colcon_core.verb:set package 'marina_asv_perception' build argument 'cmake_force_configure' from command line to 'False'
[0.621s] Level 5:colcon.colcon_core.verb:set package 'marina_asv_perception' build argument 'ament_cmake_args' from command line to 'None'
[0.621s] Level 5:colcon.colcon_core.verb:set package 'marina_asv_perception' build argument 'catkin_cmake_args' from command line to 'None'
[0.621s] Level 5:colcon.colcon_core.verb:set package 'marina_asv_perception' build argument 'catkin_skip_building_tests' from command line to 'False'
[0.621s] DEBUG:colcon.colcon_core.verb:Building package 'marina_asv_perception' with the following arguments: {'ament_cmake_args': None, 'build_base': '/root/marina_asv/build/marina_asv_perception', 'catkin_cmake_args': None, 'catkin_skip_building_tests': False, 'cmake_args': None, 'cmake_clean_cache': False, 'cmake_clean_first': False, 'cmake_force_configure': False, 'cmake_target': None, 'cmake_target_skip_unavailable': False, 'install_base': '/root/marina_asv/install', 'merge_install': True, 'path': '/root/marina_asv/src/marina_asv_perception', 'symlink_install': False, 'test_result_base': None}
[0.622s] Level 5:colcon.colcon_core.verb:set package 'marina_asv_reporting' build argument 'cmake_args' from command line to 'None'
[0.622s] Level 5:colcon.colcon_core.verb:set package 'marina_asv_reporting' build argument 'cmake_target' from command line to 'None'
[0.622s] Level 5:colcon.colcon_core.verb:set package 'marina_asv_reporting' build argument 'cmake_target_skip_unavailable' from command line to 'False'
[0.622s] Level 5:colcon.colcon_core.verb:set package 'marina_asv_reporting' build argument 'cmake_clean_cache' from command line to 'False'
[0.622s] Level 5:colcon.colcon_core.verb:set package 'marina_asv_reporting' build argument 'cmake_clean_first' from command line to 'False'
[0.622s] Level 5:colcon.colcon_core.verb:set package 'marina_asv_reporting' build argument 'cmake_force_configure' from command line to 'False'
[0.622s] Level 5:colcon.colcon_core.verb:set package 'marina_asv_reporting' build argument 'ament_cmake_args' from command line to 'None'
[0.622s] Level 5:colcon.colcon_core.verb:set package 'marina_asv_reporting' build argument 'catkin_cmake_args' from command line to 'None'
[0.622s] Level 5:colcon.colcon_core.verb:set package 'marina_asv_reporting' build argument 'catkin_skip_building_tests' from command line to 'False'
[0.622s] DEBUG:colcon.colcon_core.verb:Building package 'marina_asv_reporting' with the following arguments: {'ament_cmake_args': None, 'build_base': '/root/marina_asv/build/marina_asv_reporting', 'catkin_cmake_args': None, 'catkin_skip_building_tests': False, 'cmake_args': None, 'cmake_clean_cache': False, 'cmake_clean_first': False, 'cmake_force_configure': False, 'cmake_target': None, 'cmake_target_skip_unavailable': False, 'install_base': '/root/marina_asv/install', 'merge_install': True, 'path': '/root/marina_asv/src/marina_asv_reporting', 'symlink_install': False, 'test_result_base': None}
[0.622s] Level 5:colcon.colcon_core.verb:set package 'marina_asv_simulation' build argument 'cmake_args' from command line to 'None'
[0.622s] Level 5:colcon.colcon_core.verb:set package 'marina_asv_simulation' build argument 'cmake_target' from command line to 'None'
[0.622s] Level 5:colcon.colcon_core.verb:set package 'marina_asv_simulation' build argument 'cmake_target_skip_unavailable' from command line to 'False'
[0.622s] Level 5:colcon.colcon_core.verb:set package 'marina_asv_simulation' build argument 'cmake_clean_cache' from command line to 'False'
[0.622s] Level 5:colcon.colcon_core.verb:set package 'marina_asv_simulation' build argument 'cmake_clean_first' from command line to 'False'
[0.622s] Level 5:colcon.colcon_core.verb:set package 'marina_asv_simulation' build argument 'cmake_force_configure' from command line to 'False'
[0.622s] Level 5:colcon.colcon_core.verb:set package 'marina_asv_simulation' build argument 'ament_cmake_args' from command line to 'None'
[0.622s] Level 5:colcon.colcon_core.verb:set package 'marina_asv_simulation' build argument 'catkin_cmake_args' from command line to 'None'
[0.622s] Level 5:colcon.colcon_core.verb:set package 'marina_asv_simulation' build argument 'catkin_skip_building_tests' from command line to 'False'
[0.622s] DEBUG:colcon.colcon_core.verb:Building package 'marina_asv_simulation' with the following arguments: {'ament_cmake_args': None, 'build_base': '/root/marina_asv/build/marina_asv_simulation', 'catkin_cmake_args': None, 'catkin_skip_building_tests': False, 'cmake_args': None, 'cmake_clean_cache': False, 'cmake_clean_first': False, 'cmake_force_configure': False, 'cmake_target': None, 'cmake_target_skip_unavailable': False, 'install_base': '/root/marina_asv/install', 'merge_install': True, 'path': '/root/marina_asv/src/marina_asv_simulation', 'symlink_install': False, 'test_result_base': None}
[0.622s] INFO:colcon.colcon_core.executor:Executing jobs using 'parallel' executor
[0.623s] DEBUG:colcon.colcon_parallel_executor.executor.parallel:run_until_complete
[0.624s] INFO:colcon.colcon_ros.task.catkin.build:Building ROS package in '/root/marina_asv/src/marina_asv_description' with build type 'catkin'
[0.624s] INFO:colcon.colcon_cmake.task.cmake.build:Building CMake package in '/root/marina_asv/src/marina_asv_description'
[0.635s] INFO:colcon.colcon_core.plugin_system:Skipping extension 'colcon_core.shell.bat': Not used on non-Windows systems
[0.635s] INFO:colcon.colcon_core.shell:Skip shell extension 'powershell' for command environment: Not usable outside of PowerShell
[0.635s] DEBUG:colcon.colcon_core.shell:Skip shell extension 'dsv' for command environment
[0.641s] WARNING:colcon.colcon_ros.prefix_path.catkin:The path '/root/marina_asv/install/marina_asv_description' in the environment variable CMAKE_PREFIX_PATH doesn't exist
[0.656s] INFO:colcon.colcon_ros.task.ament_python.build:Building ROS package in '/root/marina_asv/src/marina_asv_navigation' with build type 'ament_python'
[0.656s] Level 1:colcon.colcon_core.shell:create_environment_hook('marina_asv_navigation', 'ament_prefix_path')
[0.656s] INFO:colcon.colcon_core.shell:Creating environment hook '/root/marina_asv/install/share/marina_asv_navigation/hook/ament_prefix_path.ps1'
[0.658s] INFO:colcon.colcon_core.shell:Creating environment descriptor '/root/marina_asv/install/share/marina_asv_navigation/hook/ament_prefix_path.dsv'
[0.660s] INFO:colcon.colcon_core.shell:Creating environment hook '/root/marina_asv/install/share/marina_asv_navigation/hook/ament_prefix_path.sh'
[0.662s] INFO:colcon.colcon_core.shell:Skip shell extension 'powershell' for command environment: Not usable outside of PowerShell
[0.663s] DEBUG:colcon.colcon_core.shell:Skip shell extension 'dsv' for command environment
[0.668s] INFO:colcon.colcon_ros.task.ament_python.build:Building ROS package in '/root/marina_asv/src/marina_asv_perception' with build type 'ament_python'
[0.668s] Level 1:colcon.colcon_core.shell:create_environment_hook('marina_asv_perception', 'ament_prefix_path')
[0.669s] INFO:colcon.colcon_core.shell:Creating environment hook '/root/marina_asv/install/share/marina_asv_perception/hook/ament_prefix_path.ps1'
[0.670s] INFO:colcon.colcon_core.shell:Creating environment descriptor '/root/marina_asv/install/share/marina_asv_perception/hook/ament_prefix_path.dsv'
[0.670s] INFO:colcon.colcon_core.shell:Creating environment hook '/root/marina_asv/install/share/marina_asv_perception/hook/ament_prefix_path.sh'
[0.671s] INFO:colcon.colcon_core.shell:Skip shell extension 'powershell' for command environment: Not usable outside of PowerShell
[0.671s] DEBUG:colcon.colcon_core.shell:Skip shell extension 'dsv' for command environment
[0.676s] INFO:colcon.colcon_ros.task.ament_python.build:Building ROS package in '/root/marina_asv/src/marina_asv_reporting' with build type 'ament_python'
[0.676s] Level 1:colcon.colcon_core.shell:create_environment_hook('marina_asv_reporting', 'ament_prefix_path')
[0.676s] INFO:colcon.colcon_core.shell:Creating environment hook '/root/marina_asv/install/share/marina_asv_reporting/hook/ament_prefix_path.ps1'
[0.678s] INFO:colcon.colcon_core.shell:Creating environment descriptor '/root/marina_asv/install/share/marina_asv_reporting/hook/ament_prefix_path.dsv'
[0.679s] INFO:colcon.colcon_core.shell:Creating environment hook '/root/marina_asv/install/share/marina_asv_reporting/hook/ament_prefix_path.sh'
[0.680s] INFO:colcon.colcon_core.shell:Skip shell extension 'powershell' for command environment: Not usable outside of PowerShell
[0.680s] DEBUG:colcon.colcon_core.shell:Skip shell extension 'dsv' for command environment
[0.687s] INFO:colcon.colcon_ros.task.ament_cmake.build:Building ROS package in '/root/marina_asv/src/marina_asv_simulation' with build type 'ament_cmake'
[0.687s] INFO:colcon.colcon_cmake.task.cmake.build:Building CMake package in '/root/marina_asv/src/marina_asv_simulation'
[0.687s] INFO:colcon.colcon_core.shell:Skip shell extension 'powershell' for command environment: Not usable outside of PowerShell
[0.687s] DEBUG:colcon.colcon_core.shell:Skip shell extension 'dsv' for command environment
[0.703s] DEBUG:colcon.colcon_core.event_handler.log_command:Invoking command in '/root/marina_asv/build/marina_asv_description': /usr/bin/cmake --build /root/marina_asv/build/marina_asv_description -- -j8 -l8
[1.032s] INFO:colcon.colcon_core.task.python.build:Building Python package in '/root/marina_asv/src/marina_asv_navigation'
[1.032s] INFO:colcon.colcon_core.shell:Skip shell extension 'powershell' for command environment: Not usable outside of PowerShell
[1.032s] DEBUG:colcon.colcon_core.shell:Skip shell extension 'dsv' for command environment
[1.299s] INFO:colcon.colcon_core.task.python.build:Building Python package in '/root/marina_asv/src/marina_asv_perception'
[1.299s] INFO:colcon.colcon_core.shell:Skip shell extension 'powershell' for command environment: Not usable outside of PowerShell
[1.299s] DEBUG:colcon.colcon_core.shell:Skip shell extension 'dsv' for command environment
[1.531s] INFO:colcon.colcon_core.task.python.build:Building Python package in '/root/marina_asv/src/marina_asv_reporting'
[1.531s] INFO:colcon.colcon_core.shell:Skip shell extension 'powershell' for command environment: Not usable outside of PowerShell
[1.531s] DEBUG:colcon.colcon_core.shell:Skip shell extension 'dsv' for command environment
[1.546s] DEBUG:colcon.colcon_core.event_handler.log_command:Invoking command in '/root/marina_asv/build/marina_asv_simulation': CMAKE_PREFIX_PATH=/opt/ros/jazzy:${CMAKE_PREFIX_PATH} /usr/bin/cmake --build /root/marina_asv/build/marina_asv_simulation -- -j8 -l8
[1.548s] DEBUG:colcon.colcon_core.event_handler.log_command:Invoked command in '/root/marina_asv/build/marina_asv_description' returned '0': /usr/bin/cmake --build /root/marina_asv/build/marina_asv_description -- -j8 -l8
[1.564s] DEBUG:colcon.colcon_core.event_handler.log_command:Invoking command in '/root/marina_asv/build/marina_asv_description': /usr/bin/cmake --install /root/marina_asv/build/marina_asv_description
[1.598s] DEBUG:colcon.colcon_core.event_handler.log_command:Invoked command in '/root/marina_asv/build/marina_asv_description' returned '0': /usr/bin/cmake --install /root/marina_asv/build/marina_asv_description
[1.598s] Level 1:colcon.colcon_core.shell:create_environment_hook('marina_asv_description', 'ros_package_path')
[1.599s] INFO:colcon.colcon_core.shell:Creating environment hook '/root/marina_asv/install/share/marina_asv_description/hook/ros_package_path.ps1'
[1.600s] INFO:colcon.colcon_core.shell:Creating environment descriptor '/root/marina_asv/install/share/marina_asv_description/hook/ros_package_path.dsv'
[1.601s] INFO:colcon.colcon_core.shell:Creating environment hook '/root/marina_asv/install/share/marina_asv_description/hook/ros_package_path.sh'
[1.602s] Level 1:colcon.colcon_core.shell:create_environment_hook('marina_asv_description', 'pkg_config_path')
[1.602s] INFO:colcon.colcon_core.shell:Creating environment hook '/root/marina_asv/install/share/marina_asv_description/hook/pkg_config_path.ps1'
[1.603s] INFO:colcon.colcon_core.shell:Creating environment descriptor '/root/marina_asv/install/share/marina_asv_description/hook/pkg_config_path.dsv'
[1.604s] INFO:colcon.colcon_core.shell:Creating environment hook '/root/marina_asv/install/share/marina_asv_description/hook/pkg_config_path.sh'
[1.613s] Level 1:colcon.colcon_core.shell:create_environment_hook('marina_asv_description', 'pkg_config_path_multiarch')
[1.613s] INFO:colcon.colcon_core.shell:Creating environment hook '/root/marina_asv/install/share/marina_asv_description/hook/pkg_config_path_multiarch.ps1'
[1.614s] INFO:colcon.colcon_core.shell:Creating environment descriptor '/root/marina_asv/install/share/marina_asv_description/hook/pkg_config_path_multiarch.dsv'
[1.615s] INFO:colcon.colcon_core.shell:Creating environment hook '/root/marina_asv/install/share/marina_asv_description/hook/pkg_config_path_multiarch.sh'
[1.619s] Level 1:colcon.colcon_core.environment:create_environment_scripts_only(marina_asv_description)
[1.632s] Level 1:colcon.colcon_core.environment:checking '/root/marina_asv/install' for CMake module files
[1.634s] Level 1:colcon.colcon_core.environment:checking '/root/marina_asv/install' for CMake config files
[1.639s] Level 1:colcon.colcon_core.shell:create_environment_hook('marina_asv_description', 'cmake_prefix_path')
[1.639s] INFO:colcon.colcon_core.shell:Creating environment hook '/root/marina_asv/install/share/marina_asv_description/hook/cmake_prefix_path.ps1'
[1.640s] INFO:colcon.colcon_core.shell:Creating environment descriptor '/root/marina_asv/install/share/marina_asv_description/hook/cmake_prefix_path.dsv'
[1.641s] INFO:colcon.colcon_core.shell:Creating environment hook '/root/marina_asv/install/share/marina_asv_description/hook/cmake_prefix_path.sh'
[1.642s] Level 1:colcon.colcon_core.environment:checking '/root/marina_asv/install/lib'
[1.642s] Level 1:colcon.colcon_core.environment:checking '/root/marina_asv/install/bin'
[1.642s] Level 1:colcon.colcon_core.environment:checking '/root/marina_asv/install/lib/pkgconfig/marina_asv_description.pc'
[1.643s] Level 1:colcon.colcon_core.environment:checking '/root/marina_asv/install/lib/python3.12/site-packages'
[1.643s] Level 1:colcon.colcon_core.shell:create_environment_hook('marina_asv_description', 'pythonpath')
[1.643s] INFO:colcon.colcon_core.shell:Creating environment hook '/root/marina_asv/install/share/marina_asv_description/hook/pythonpath.ps1'
[1.644s] INFO:colcon.colcon_core.shell:Creating environment descriptor '/root/marina_asv/install/share/marina_asv_description/hook/pythonpath.dsv'
[1.646s] INFO:colcon.colcon_core.shell:Creating environment hook '/root/marina_asv/install/share/marina_asv_description/hook/pythonpath.sh'
[1.648s] Level 1:colcon.colcon_core.environment:checking '/root/marina_asv/install/bin'
[1.648s] INFO:colcon.colcon_core.shell:Creating package script '/root/marina_asv/install/share/marina_asv_description/package.ps1'
[1.651s] INFO:colcon.colcon_core.shell:Creating package descriptor '/root/marina_asv/install/share/marina_asv_description/package.dsv'
[1.653s] INFO:colcon.colcon_core.shell:Creating package script '/root/marina_asv/install/share/marina_asv_description/package.sh'
[1.655s] INFO:colcon.colcon_core.shell:Creating package script '/root/marina_asv/install/share/marina_asv_description/package.bash'
[1.656s] INFO:colcon.colcon_core.shell:Creating package script '/root/marina_asv/install/share/marina_asv_description/package.zsh'
[1.658s] Level 1:colcon.colcon_core.environment:create_file_with_runtime_dependencies(/root/marina_asv/install/share/colcon-core/packages/marina_asv_description)
[1.663s] DEBUG:colcon.colcon_core.event_handler.log_command:Invoked command in '/root/marina_asv/build/marina_asv_simulation' returned '0': CMAKE_PREFIX_PATH=/opt/ros/jazzy:${CMAKE_PREFIX_PATH} /usr/bin/cmake --build /root/marina_asv/build/marina_asv_simulation -- -j8 -l8
[1.667s] DEBUG:colcon.colcon_core.event_handler.log_command:Invoking command in '/root/marina_asv/build/marina_asv_simulation': CMAKE_PREFIX_PATH=/opt/ros/jazzy:${CMAKE_PREFIX_PATH} /usr/bin/cmake --install /root/marina_asv/build/marina_asv_simulation
[1.689s] Level 1:colcon.colcon_core.environment:create_environment_scripts_only(marina_asv_simulation)
[1.689s] Level 1:colcon.colcon_core.environment:checking '/root/marina_asv/install' for CMake module files
[1.691s] DEBUG:colcon.colcon_core.event_handler.log_command:Invoked command in '/root/marina_asv/build/marina_asv_simulation' returned '0': CMAKE_PREFIX_PATH=/opt/ros/jazzy:${CMAKE_PREFIX_PATH} /usr/bin/cmake --install /root/marina_asv/build/marina_asv_simulation
[1.692s] Level 1:colcon.colcon_core.environment:checking '/root/marina_asv/install' for CMake config files
[1.693s] Level 1:colcon.colcon_core.shell:create_environment_hook('marina_asv_simulation', 'cmake_prefix_path')
[1.694s] INFO:colcon.colcon_core.shell:Creating environment hook '/root/marina_asv/install/share/marina_asv_simulation/hook/cmake_prefix_path.ps1'
[1.695s] INFO:colcon.colcon_core.shell:Creating environment descriptor '/root/marina_asv/install/share/marina_asv_simulation/hook/cmake_prefix_path.dsv'
[1.696s] INFO:colcon.colcon_core.shell:Creating environment hook '/root/marina_asv/install/share/marina_asv_simulation/hook/cmake_prefix_path.sh'
[1.698s] Level 1:colcon.colcon_core.environment:checking '/root/marina_asv/install/lib'
[1.698s] Level 1:colcon.colcon_core.environment:checking '/root/marina_asv/install/bin'
[1.698s] Level 1:colcon.colcon_core.environment:checking '/root/marina_asv/install/lib/pkgconfig/marina_asv_simulation.pc'
[1.698s] Level 1:colcon.colcon_core.environment:checking '/root/marina_asv/install/lib/python3.12/site-packages'
[1.698s] Level 1:colcon.colcon_core.shell:create_environment_hook('marina_asv_simulation', 'pythonpath')
[1.698s] INFO:colcon.colcon_core.shell:Creating environment hook '/root/marina_asv/install/share/marina_asv_simulation/hook/pythonpath.ps1'
[1.699s] INFO:colcon.colcon_core.shell:Creating environment descriptor '/root/marina_asv/install/share/marina_asv_simulation/hook/pythonpath.dsv'
[1.700s] INFO:colcon.colcon_core.shell:Creating environment hook '/root/marina_asv/install/share/marina_asv_simulation/hook/pythonpath.sh'
[1.701s] Level 1:colcon.colcon_core.environment:checking '/root/marina_asv/install/bin'
[1.701s] INFO:colcon.colcon_core.shell:Creating package script '/root/marina_asv/install/share/marina_asv_simulation/package.ps1'
[1.702s] INFO:colcon.colcon_core.shell:Creating package descriptor '/root/marina_asv/install/share/marina_asv_simulation/package.dsv'
[1.703s] INFO:colcon.colcon_core.shell:Creating package script '/root/marina_asv/install/share/marina_asv_simulation/package.sh'
[1.703s] INFO:colcon.colcon_core.shell:Creating package script '/root/marina_asv/install/share/marina_asv_simulation/package.bash'
[1.704s] INFO:colcon.colcon_core.shell:Creating package script '/root/marina_asv/install/share/marina_asv_simulation/package.zsh'
[1.705s] Level 1:colcon.colcon_core.environment:create_file_with_runtime_dependencies(/root/marina_asv/install/share/colcon-core/packages/marina_asv_simulation)
[1.705s] Level 1:colcon.colcon_core.environment:create_environment_scripts_only(marina_asv_simulation)
[1.706s] Level 1:colcon.colcon_core.environment:checking '/root/marina_asv/install' for CMake module files
[1.706s] Level 1:colcon.colcon_core.environment:checking '/root/marina_asv/install' for CMake config files
[1.707s] Level 1:colcon.colcon_core.shell:create_environment_hook('marina_asv_simulation', 'cmake_prefix_path')
[1.708s] INFO:colcon.colcon_core.shell:Creating environment hook '/root/marina_asv/install/share/marina_asv_simulation/hook/cmake_prefix_path.ps1'
[1.709s] INFO:colcon.colcon_core.shell:Creating environment descriptor '/root/marina_asv/install/share/marina_asv_simulation/hook/cmake_prefix_path.dsv'
[1.709s] INFO:colcon.colcon_core.shell:Creating environment hook '/root/marina_asv/install/share/marina_asv_simulation/hook/cmake_prefix_path.sh'
[1.711s] Level 1:colcon.colcon_core.environment:checking '/root/marina_asv/install/lib'
[1.711s] Level 1:colcon.colcon_core.environment:checking '/root/marina_asv/install/bin'
[1.711s] Level 1:colcon.colcon_core.environment:checking '/root/marina_asv/install/lib/pkgconfig/marina_asv_simulation.pc'
[1.712s] Level 1:colcon.colcon_core.environment:checking '/root/marina_asv/install/lib/python3.12/site-packages'
[1.712s] Level 1:colcon.colcon_core.shell:create_environment_hook('marina_asv_simulation', 'pythonpath')
[1.712s] INFO:colcon.colcon_core.shell:Creating environment hook '/root/marina_asv/install/share/marina_asv_simulation/hook/pythonpath.ps1'
[1.713s] INFO:colcon.colcon_core.shell:Creating environment descriptor '/root/marina_asv/install/share/marina_asv_simulation/hook/pythonpath.dsv'
[1.714s] INFO:colcon.colcon_core.shell:Creating environment hook '/root/marina_asv/install/share/marina_asv_simulation/hook/pythonpath.sh'
[1.715s] Level 1:colcon.colcon_core.environment:checking '/root/marina_asv/install/bin'
[1.716s] INFO:colcon.colcon_core.shell:Creating package script '/root/marina_asv/install/share/marina_asv_simulation/package.ps1'
[1.718s] INFO:colcon.colcon_core.shell:Creating package descriptor '/root/marina_asv/install/share/marina_asv_simulation/package.dsv'
[1.720s] INFO:colcon.colcon_core.shell:Creating package script '/root/marina_asv/install/share/marina_asv_simulation/package.sh'
[1.722s] INFO:colcon.colcon_core.shell:Creating package script '/root/marina_asv/install/share/marina_asv_simulation/package.bash'
[1.722s] INFO:colcon.colcon_core.shell:Creating package script '/root/marina_asv/install/share/marina_asv_simulation/package.zsh'
[1.723s] Level 1:colcon.colcon_core.environment:create_file_with_runtime_dependencies(/root/marina_asv/install/share/colcon-core/packages/marina_asv_simulation)
[3.310s] DEBUG:colcon.colcon_core.event_handler.log_command:Invoking command in '/root/marina_asv/src/marina_asv_navigation': PYTHONPATH=/root/marina_asv/build/marina_asv_navigation/prefix_override:/usr/lib/python3/dist-packages/colcon_core/task/python/colcon_distutils_commands:/root/marina_asv/install/lib/python3.12/site-packages:${PYTHONPATH} /usr/bin/python3 -W ignore:setup.py install is deprecated -W ignore:easy_install command is deprecated setup.py egg_info --egg-base ../../build/marina_asv_navigation build --build-base /root/marina_asv/build/marina_asv_navigation/build install --record /root/marina_asv/build/marina_asv_navigation/install.log --single-version-externally-managed install_data
[3.316s] DEBUG:colcon.colcon_core.event_handler.log_command:Invoking command in '/root/marina_asv/src/marina_asv_reporting': PYTHONPATH=/root/marina_asv/build/marina_asv_reporting/prefix_override:/usr/lib/python3/dist-packages/colcon_core/task/python/colcon_distutils_commands:/root/marina_asv/install/lib/python3.12/site-packages:${PYTHONPATH} /usr/bin/python3 -W ignore:setup.py install is deprecated -W ignore:easy_install command is deprecated setup.py egg_info --egg-base ../../build/marina_asv_reporting build --build-base /root/marina_asv/build/marina_asv_reporting/build install --record /root/marina_asv/build/marina_asv_reporting/install.log --single-version-externally-managed install_data
[3.319s] DEBUG:colcon.colcon_core.event_handler.log_command:Invoking command in '/root/marina_asv/src/marina_asv_perception': PYTHONPATH=/root/marina_asv/build/marina_asv_perception/prefix_override:/usr/lib/python3/dist-packages/colcon_core/task/python/colcon_distutils_commands:/root/marina_asv/install/lib/python3.12/site-packages:${PYTHONPATH} /usr/bin/python3 -W ignore:setup.py install is deprecated -W ignore:easy_install command is deprecated setup.py egg_info --egg-base ../../build/marina_asv_perception build --build-base /root/marina_asv/build/marina_asv_perception/build install --record /root/marina_asv/build/marina_asv_perception/install.log --single-version-externally-managed install_data
[4.224s] Level 1:colcon.colcon_core.environment:checking '/root/marina_asv/install' for CMake module files
[4.226s] DEBUG:colcon.colcon_core.event_handler.log_command:Invoked command in '/root/marina_asv/src/marina_asv_navigation' returned '0': PYTHONPATH=/root/marina_asv/build/marina_asv_navigation/prefix_override:/usr/lib/python3/dist-packages/colcon_core/task/python/colcon_distutils_commands:/root/marina_asv/install/lib/python3.12/site-packages:${PYTHONPATH} /usr/bin/python3 -W ignore:setup.py install is deprecated -W ignore:easy_install command is deprecated setup.py egg_info --egg-base ../../build/marina_asv_navigation build --build-base /root/marina_asv/build/marina_asv_navigation/build install --record /root/marina_asv/build/marina_asv_navigation/install.log --single-version-externally-managed install_data
[4.227s] Level 1:colcon.colcon_core.environment:checking '/root/marina_asv/install' for CMake config files
[4.228s] Level 1:colcon.colcon_core.shell:create_environment_hook('marina_asv_navigation', 'cmake_prefix_path')
[4.229s] INFO:colcon.colcon_core.shell:Creating environment hook '/root/marina_asv/install/share/marina_asv_navigation/hook/cmake_prefix_path.ps1'
[4.229s] INFO:colcon.colcon_core.shell:Creating environment descriptor '/root/marina_asv/install/share/marina_asv_navigation/hook/cmake_prefix_path.dsv'
[4.230s] INFO:colcon.colcon_core.shell:Creating environment hook '/root/marina_asv/install/share/marina_asv_navigation/hook/cmake_prefix_path.sh'
[4.232s] Level 1:colcon.colcon_core.environment:checking '/root/marina_asv/install/lib'
[4.232s] Level 1:colcon.colcon_core.environment:checking '/root/marina_asv/install/bin'
[4.232s] Level 1:colcon.colcon_core.environment:checking '/root/marina_asv/install/lib/pkgconfig/marina_asv_navigation.pc'
[4.232s] Level 1:colcon.colcon_core.environment:checking '/root/marina_asv/install/lib/python3.12/site-packages'
[4.233s] Level 1:colcon.colcon_core.shell:create_environment_hook('marina_asv_navigation', 'pythonpath')
[4.233s] INFO:colcon.colcon_core.shell:Creating environment hook '/root/marina_asv/install/share/marina_asv_navigation/hook/pythonpath.ps1'
[4.234s] INFO:colcon.colcon_core.shell:Creating environment descriptor '/root/marina_asv/install/share/marina_asv_navigation/hook/pythonpath.dsv'
[4.235s] INFO:colcon.colcon_core.shell:Creating environment hook '/root/marina_asv/install/share/marina_asv_navigation/hook/pythonpath.sh'
[4.236s] Level 1:colcon.colcon_core.environment:checking '/root/marina_asv/install/bin'
[4.236s] Level 1:colcon.colcon_core.environment:create_environment_scripts_only(marina_asv_navigation)
[4.237s] INFO:colcon.colcon_core.shell:Creating package script '/root/marina_asv/install/share/marina_asv_navigation/package.ps1'
[4.238s] INFO:colcon.colcon_core.shell:Creating package descriptor '/root/marina_asv/install/share/marina_asv_navigation/package.dsv'
[4.239s] INFO:colcon.colcon_core.shell:Creating package script '/root/marina_asv/install/share/marina_asv_navigation/package.sh'
[4.240s] INFO:colcon.colcon_core.shell:Creating package script '/root/marina_asv/install/share/marina_asv_navigation/package.bash'
[4.241s] INFO:colcon.colcon_core.shell:Creating package script '/root/marina_asv/install/share/marina_asv_navigation/package.zsh'
[4.243s] Level 1:colcon.colcon_core.environment:create_file_with_runtime_dependencies(/root/marina_asv/install/share/colcon-core/packages/marina_asv_navigation)
[4.253s] Level 1:colcon.colcon_core.environment:checking '/root/marina_asv/install' for CMake module files
[4.254s] DEBUG:colcon.colcon_core.event_handler.log_command:Invoked command in '/root/marina_asv/src/marina_asv_perception' returned '0': PYTHONPATH=/root/marina_asv/build/marina_asv_perception/prefix_override:/usr/lib/python3/dist-packages/colcon_core/task/python/colcon_distutils_commands:/root/marina_asv/install/lib/python3.12/site-packages:${PYTHONPATH} /usr/bin/python3 -W ignore:setup.py install is deprecated -W ignore:easy_install command is deprecated setup.py egg_info --egg-base ../../build/marina_asv_perception build --build-base /root/marina_asv/build/marina_asv_perception/build install --record /root/marina_asv/build/marina_asv_perception/install.log --single-version-externally-managed install_data
[4.254s] Level 1:colcon.colcon_core.environment:checking '/root/marina_asv/install' for CMake config files
[4.255s] Level 1:colcon.colcon_core.shell:create_environment_hook('marina_asv_perception', 'cmake_prefix_path')
[4.255s] INFO:colcon.colcon_core.shell:Creating environment hook '/root/marina_asv/install/share/marina_asv_perception/hook/cmake_prefix_path.ps1'
[4.256s] INFO:colcon.colcon_core.shell:Creating environment descriptor '/root/marina_asv/install/share/marina_asv_perception/hook/cmake_prefix_path.dsv'
[4.256s] INFO:colcon.colcon_core.shell:Creating environment hook '/root/marina_asv/install/share/marina_asv_perception/hook/cmake_prefix_path.sh'
[4.257s] Level 1:colcon.colcon_core.environment:checking '/root/marina_asv/install/lib'
[4.257s] Level 1:colcon.colcon_core.environment:checking '/root/marina_asv/install/bin'
[4.258s] Level 1:colcon.colcon_core.environment:checking '/root/marina_asv/install/lib/pkgconfig/marina_asv_perception.pc'
[4.258s] Level 1:colcon.colcon_core.environment:checking '/root/marina_asv/install/lib/python3.12/site-packages'
[4.258s] Level 1:colcon.colcon_core.shell:create_environment_hook('marina_asv_perception', 'pythonpath')
[4.258s] INFO:colcon.colcon_core.shell:Creating environment hook '/root/marina_asv/install/share/marina_asv_perception/hook/pythonpath.ps1'
[4.259s] INFO:colcon.colcon_core.shell:Creating environment descriptor '/root/marina_asv/install/share/marina_asv_perception/hook/pythonpath.dsv'
[4.260s] INFO:colcon.colcon_core.shell:Creating environment hook '/root/marina_asv/install/share/marina_asv_perception/hook/pythonpath.sh'
[4.261s] Level 1:colcon.colcon_core.environment:checking '/root/marina_asv/install/bin'
[4.261s] Level 1:colcon.colcon_core.environment:create_environment_scripts_only(marina_asv_perception)
[4.262s] INFO:colcon.colcon_core.shell:Creating package script '/root/marina_asv/install/share/marina_asv_perception/package.ps1'
[4.263s] INFO:colcon.colcon_core.shell:Creating package descriptor '/root/marina_asv/install/share/marina_asv_perception/package.dsv'
[4.264s] INFO:colcon.colcon_core.shell:Creating package script '/root/marina_asv/install/share/marina_asv_perception/package.sh'
[4.266s] INFO:colcon.colcon_core.shell:Creating package script '/root/marina_asv/install/share/marina_asv_perception/package.bash'
[4.266s] INFO:colcon.colcon_core.shell:Creating package script '/root/marina_asv/install/share/marina_asv_perception/package.zsh'
[4.267s] Level 1:colcon.colcon_core.environment:create_file_with_runtime_dependencies(/root/marina_asv/install/share/colcon-core/packages/marina_asv_perception)
[4.268s] Level 1:colcon.colcon_core.environment:checking '/root/marina_asv/install' for CMake module files
[4.269s] DEBUG:colcon.colcon_core.event_handler.log_command:Invoked command in '/root/marina_asv/src/marina_asv_reporting' returned '0': PYTHONPATH=/root/marina_asv/build/marina_asv_reporting/prefix_override:/usr/lib/python3/dist-packages/colcon_core/task/python/colcon_distutils_commands:/root/marina_asv/install/lib/python3.12/site-packages:${PYTHONPATH} /usr/bin/python3 -W ignore:setup.py install is deprecated -W ignore:easy_install command is deprecated setup.py egg_info --egg-base ../../build/marina_asv_reporting build --build-base /root/marina_asv/build/marina_asv_reporting/build install --record /root/marina_asv/build/marina_asv_reporting/install.log --single-version-externally-managed install_data
[4.270s] Level 1:colcon.colcon_core.environment:checking '/root/marina_asv/install' for CMake config files
[4.270s] Level 1:colcon.colcon_core.shell:create_environment_hook('marina_asv_reporting', 'cmake_prefix_path')
[4.270s] INFO:colcon.colcon_core.shell:Creating environment hook '/root/marina_asv/install/share/marina_asv_reporting/hook/cmake_prefix_path.ps1'
[4.271s] INFO:colcon.colcon_core.shell:Creating environment descriptor '/root/marina_asv/install/share/marina_asv_reporting/hook/cmake_prefix_path.dsv'
[4.272s] INFO:colcon.colcon_core.shell:Creating environment hook '/root/marina_asv/install/share/marina_asv_reporting/hook/cmake_prefix_path.sh'
[4.272s] Level 1:colcon.colcon_core.environment:checking '/root/marina_asv/install/lib'
[4.272s] Level 1:colcon.colcon_core.environment:checking '/root/marina_asv/install/bin'
[4.273s] Level 1:colcon.colcon_core.environment:checking '/root/marina_asv/install/lib/pkgconfig/marina_asv_reporting.pc'
[4.273s] Level 1:colcon.colcon_core.environment:checking '/root/marina_asv/install/lib/python3.12/site-packages'
[4.273s] Level 1:colcon.colcon_core.shell:create_environment_hook('marina_asv_reporting', 'pythonpath')
[4.273s] INFO:colcon.colcon_core.shell:Creating environment hook '/root/marina_asv/install/share/marina_asv_reporting/hook/pythonpath.ps1'
[4.274s] INFO:colcon.colcon_core.shell:Creating environment descriptor '/root/marina_asv/install/share/marina_asv_reporting/hook/pythonpath.dsv'
[4.274s] INFO:colcon.colcon_core.shell:Creating environment hook '/root/marina_asv/install/share/marina_asv_reporting/hook/pythonpath.sh'
[4.275s] Level 1:colcon.colcon_core.environment:checking '/root/marina_asv/install/bin'
[4.275s] Level 1:colcon.colcon_core.environment:create_environment_scripts_only(marina_asv_reporting)
[4.276s] INFO:colcon.colcon_core.shell:Creating package script '/root/marina_asv/install/share/marina_asv_reporting/package.ps1'
[4.277s] INFO:colcon.colcon_core.shell:Creating package descriptor '/root/marina_asv/install/share/marina_asv_reporting/package.dsv'
[4.278s] INFO:colcon.colcon_core.shell:Creating package script '/root/marina_asv/install/share/marina_asv_reporting/package.sh'
[4.279s] INFO:colcon.colcon_core.shell:Creating package script '/root/marina_asv/install/share/marina_asv_reporting/package.bash'
[4.280s] INFO:colcon.colcon_core.shell:Creating package script '/root/marina_asv/install/share/marina_asv_reporting/package.zsh'
[4.281s] Level 1:colcon.colcon_core.environment:create_file_with_runtime_dependencies(/root/marina_asv/install/share/colcon-core/packages/marina_asv_reporting)
[4.282s] DEBUG:colcon.colcon_parallel_executor.executor.parallel:closing loop
[4.283s] DEBUG:colcon.colcon_parallel_executor.executor.parallel:loop closed
[4.283s] DEBUG:colcon.colcon_parallel_executor.executor.parallel:run_until_complete finished with '0'
[4.283s] DEBUG:colcon.colcon_core.event_reactor:joining thread
[4.309s] INFO:colcon.colcon_core.plugin_system:Skipping extension 'colcon_notification.desktop_notification.notify_send': Could not find 'notify-send'
[4.309s] INFO:colcon.colcon_core.plugin_system:Skipping extension 'colcon_notification.desktop_notification.terminal_notifier': Not used on non-Darwin systems
[4.309s] INFO:colcon.colcon_core.plugin_system:Skipping extension 'colcon_notification.desktop_notification.win32': Not used on non-Windows systems
[4.309s] INFO:colcon.colcon_notification.desktop_notification:Sending desktop notification using 'notify2'
[4.313s] DEBUG:colcon.colcon_notification.desktop_notification.notify2:Failed to initialize notify2: org.freedesktop.DBus.Error.Spawn.ExecFailed: /usr/bin/dbus-launch terminated abnormally without any error message
[4.313s] DEBUG:colcon.colcon_core.event_reactor:joined thread
[4.314s] INFO:colcon.colcon_core.shell:Creating prefix script '/root/marina_asv/install/local_setup.ps1'
[4.316s] INFO:colcon.colcon_core.shell:Creating prefix util module '/root/marina_asv/install/_local_setup_util_ps1.py'
[4.318s] INFO:colcon.colcon_core.shell:Creating prefix chain script '/root/marina_asv/install/setup.ps1'
[4.320s] INFO:colcon.colcon_core.shell:Creating prefix script '/root/marina_asv/install/local_setup.sh'
[4.322s] INFO:colcon.colcon_core.shell:Creating prefix util module '/root/marina_asv/install/_local_setup_util_sh.py'
[4.323s] INFO:colcon.colcon_core.shell:Creating prefix chain script '/root/marina_asv/install/setup.sh'
[4.325s] INFO:colcon.colcon_core.shell:Creating prefix script '/root/marina_asv/install/local_setup.bash'
[4.327s] INFO:colcon.colcon_core.shell:Creating prefix chain script '/root/marina_asv/install/setup.bash'
[4.330s] INFO:colcon.colcon_core.shell:Creating prefix script '/root/marina_asv/install/local_setup.zsh'
[4.332s] INFO:colcon.colcon_core.shell:Creating prefix chain script '/root/marina_asv/install/setup.zsh'
